clans.are
help.are
social.are
shadows.are
group.are
olc.hlp
limbo.yaml
smurf.yaml
plains.yaml
ofcol2.yaml
olympus.yaml
air.yaml
shire.yaml
immort.yaml
hitower.yaml
gnome.yaml
wyvern.yaml
catacomb.yaml
hood.yaml
draconia.yaml
mahntor.yaml
trollden.yaml
firenewt.yaml
midgaard.yaml
chapel.yaml
midennir.yaml
grave.yaml
school.yaml
moria.yaml
juargan.yaml
eastern.yaml
drow.yaml
thalos.yaml
mirror.yaml
ofcol.yaml
haon.yaml
arachnos.yaml
dwarven.yaml
daycare.yaml
sewer.yaml
valley.yaml
redferne.yaml
mega1.yaml
marsh.yaml
dream.yaml
grove.yaml
nirvana.yaml
dylan.yaml
canyon.yaml
galaxy.yaml
mobfact.yaml
newthalos.yaml
office.yaml
tribal.yaml
llily.yaml
raptor.yaml
clanhall.yaml
russia.yaml
koln.yaml
ruins.yaml
sengir.yaml
nyobe.yaml
$
